<?xml version="1.0" encoding="UTF-8"?>
<!-- Generated by org.testng.reporters.JUnitXMLReporter -->
<testsuite ignored="0" hostname="LAPTOP-6NGDENRJ" failures="0" tests="3" name="Surefire test" time="78.542" errors="0" timestamp="2021-11-22T11:57:04 IST">
  <testcase classname="sample.eazydiner.locationTest" name="test3" time="29.402"/>
  <testcase classname="sample.eazydiner.LoginTest" name="test1" time="25.414"/>
  <testcase classname="sample.eazydiner.searchbarTest" name="test2" time="23.698"/>
</testsuite> <!-- Surefire test -->
