<?xml version="1.0" encoding="UTF-8"?>
<testng-results ignored="0" total="3" passed="3" failed="0" skipped="0">
  <reporter-output>
  </reporter-output>
  <suite started-at="2021-11-22T11:55:46 IST" name="Surefire suite" finished-at="2021-11-22T11:57:04 IST" duration-ms="78542">
    <groups>
    </groups>
    <test started-at="2021-11-22T11:55:46 IST" name="Surefire test" finished-at="2021-11-22T11:57:04 IST" duration-ms="78542">
      <class name="sample.eazydiner.searchbarTest">
        <test-method signature="test2()[pri:0, instance:sample.eazydiner.searchbarTest@70325e14]" started-at="2021-11-22T11:56:40 IST" name="test2" finished-at="2021-11-22T11:57:04 IST" duration-ms="23698" status="PASS">
          <reporter-output>
          </reporter-output>
        </test-method> <!-- test2 -->
      </class> <!-- sample.eazydiner.searchbarTest -->
      <class name="sample.eazydiner.locationTest">
        <test-method signature="test3()[pri:0, instance:sample.eazydiner.locationTest@279fedbd]" started-at="2021-11-22T11:55:46 IST" name="test3" finished-at="2021-11-22T11:56:15 IST" duration-ms="29402" status="PASS">
          <reporter-output>
          </reporter-output>
        </test-method> <!-- test3 -->
      </class> <!-- sample.eazydiner.locationTest -->
      <class name="sample.eazydiner.LoginTest">
        <test-method signature="test1()[pri:0, instance:sample.eazydiner.LoginTest@23348b5d]" started-at="2021-11-22T11:56:15 IST" name="test1" finished-at="2021-11-22T11:56:40 IST" duration-ms="25414" status="PASS">
          <reporter-output>
          </reporter-output>
        </test-method> <!-- test1 -->
      </class> <!-- sample.eazydiner.LoginTest -->
    </test> <!-- Surefire test -->
  </suite> <!-- Surefire suite -->
</testng-results>
